2026-05-26 06:57:49 - worker_1 - INFO - Worker 1 starting...
2026-05-26 06:57:49 - worker_1 - INFO - Worker 1 connected to tcp://localhost:5555
2026-05-26 06:59:36 - worker_1 - INFO - Worker 1 starting...
2026-05-26 06:59:36 - worker_1 - INFO - Worker 1 connected to tcp://127.0.0.1:5555
2026-05-26 07:00:56 - worker_1 - INFO - Worker 1 starting...
2026-05-26 07:00:56 - worker_1 - INFO - Worker 1 PULL connected to tcp://localhost:5555
2026-05-26 07:00:56 - worker_1 - INFO - Worker 1 PUSH connected to tcp://localhost:5556
2026-05-26 07:01:09 - worker_1 - INFO - Worker 1 received chunk 1 with 1237 pairs
2026-05-26 07:01:09 - worker_1 - INFO - Worker 1 completed chunk 1 in 0.001s, potential: 112.661141
2026-05-26 07:04:24 - worker_1 - INFO - Worker 1 starting...
2026-05-26 07:04:24 - worker_1 - INFO - Worker 1 connected to tcp://localhost:5555
2026-05-26 07:04:24 - worker_1 - INFO - Worker 1 sent register message
2026-05-26 07:04:44 - worker_1 - INFO - Worker 1 received chunk 1 with 1237 pairs
2026-05-26 07:04:44 - worker_1 - INFO - Worker 1 completed chunk 1 in 0.002s, potential: 5558562.681311
2026-05-26 07:05:38 - worker_1 - INFO - Worker 1 received chunk 2 with 1237 pairs
2026-05-26 07:05:38 - worker_1 - INFO - Worker 1 completed chunk 2 in 0.001s, potential: 260019.548269
2026-05-26 07:05:40 - worker_1 - INFO - Worker 1 received chunk 2 with 1237 pairs
2026-05-26 07:05:40 - worker_1 - INFO - Worker 1 completed chunk 2 in 0.003s, potential: 468.895350
2026-05-26 07:05:42 - worker_1 - INFO - Worker 1 received chunk 1 with 1237 pairs
2026-05-26 07:05:42 - worker_1 - INFO - Worker 1 completed chunk 1 in 0.001s, potential: 33867.793293
2026-05-26 07:05:44 - worker_1 - INFO - Worker 1 received chunk 2 with 1237 pairs
2026-05-26 07:05:44 - worker_1 - INFO - Worker 1 completed chunk 2 in 0.001s, potential: 105.859085
2026-05-26 07:05:46 - worker_1 - INFO - Worker 1 received chunk 2 with 1237 pairs
2026-05-26 07:05:46 - worker_1 - INFO - Worker 1 completed chunk 2 in 0.002s, potential: 62319.830696
2026-05-26 07:20:33 - worker_1 - INFO - Worker 1 starting with speed factor: 3.0
2026-05-26 07:20:33 - worker_1 - INFO - Worker 1 connected to tcp://localhost:5555
2026-05-26 07:20:33 - worker_1 - INFO - Worker 1 sent register message
2026-05-26 07:22:37 - worker_1 - INFO - Worker 1 received chunk 3 with 1239 pairs
2026-05-26 07:22:37 - worker_1 - INFO - Worker 1 completed chunk 3 in 0.253s, potential: 26764.175709
2026-05-26 07:22:38 - worker_1 - INFO - Worker 1 received chunk 0 with 1237 pairs
2026-05-26 07:22:38 - worker_1 - INFO - Worker 1 completed chunk 0 in 0.254s, potential: 1145.505806
2026-05-26 07:29:09 - worker_1 - INFO - Worker 1 starting with speed factor: 3.0
2026-05-26 07:29:09 - worker_1 - INFO - Worker 1 connected to tcp://localhost:5555
2026-05-26 07:29:09 - worker_1 - INFO - Worker 1 sent register message
2026-05-26 07:32:43 - worker_1 - INFO - Worker 1 starting with speed factor: 3.0
2026-05-26 07:32:43 - worker_1 - INFO - Worker 1 connected to tcp://localhost:5555
2026-05-26 07:32:43 - worker_1 - INFO - Worker 1 sent register message
2026-05-26 07:34:25 - worker_1 - INFO - Worker 1 interrupted
2026-05-26 07:34:25 - worker_1 - INFO - Worker 1 stopped
2026-05-26 07:34:26 - worker_1 - INFO - Worker 1 starting with speed factor: 3.0
2026-05-26 07:34:26 - worker_1 - INFO - Worker 1 connected to tcp://localhost:5555
2026-05-26 07:34:26 - worker_1 - INFO - Worker 1 sent register message
2026-05-26 07:37:03 - worker_1 - INFO - Worker 1 starting with speed factor: 3.0
2026-05-26 07:37:03 - worker_1 - INFO - Worker 1 connected to tcp://localhost:5555
2026-05-26 07:37:03 - worker_1 - INFO - Worker 1 sent register message
2026-05-26 08:09:51 - worker_1 - INFO - Worker 1 starting with speed factor: 3.0
2026-05-26 08:09:51 - worker_1 - INFO - Worker 1 connected to tcp://localhost:5555
2026-05-26 08:09:51 - worker_1 - INFO - Worker 1 sent register message
2026-05-26 08:11:51 - worker_1 - INFO - Worker 1 starting with speed factor: 3.0
2026-05-26 08:11:51 - worker_1 - INFO - Worker 1 connected to tcp://localhost:5555
2026-05-26 08:11:51 - worker_1 - INFO - Worker 1 sent register message
2026-05-26 08:14:51 - worker_1 - INFO - Worker 1 starting with speed factor: 3.0
2026-05-26 08:14:51 - worker_1 - INFO - Worker 1 connected to tcp://localhost:5555
2026-05-26 08:14:51 - worker_1 - INFO - Worker 1 sent register message
2026-05-26 08:20:47 - worker_1 - INFO - Worker 1 starting with speed factor: 3.0
2026-05-26 08:20:47 - worker_1 - INFO - Worker 1 connected to tcp://localhost:5555
2026-05-26 08:20:47 - worker_1 - INFO - Worker 1 sent register message
2026-05-26 08:24:06 - worker_1 - INFO - Worker 1 received chunk 1 with 2475 pairs
2026-05-26 08:24:06 - worker_1 - INFO - Worker 1 completed chunk 1 in 0.501s, potential: 26751.416574
2026-05-26 08:24:21 - worker_1 - INFO - Worker 1 received chunk 1 with 100 pairs
2026-05-26 08:24:21 - worker_1 - INFO - Worker 1 completed chunk 1 in 0.022s, potential: -0.967390
2026-05-26 08:24:35 - worker_1 - INFO - Worker 1 received chunk 1 with 100 pairs
2026-05-26 08:24:35 - worker_1 - INFO - Worker 1 completed chunk 1 in 0.020s, potential: -0.967390
